texmf_scripts='
adhocfilelist/adhocfilelist.sh
bibexport/bibexport.sh
dtxgen/dtxgen
installfont/installfont-tl
latexfileversion/latexfileversion
listbib/listbib
listings-ext/listings-ext.sh
ltxfileinfo/ltxfileinfo
lua2dox/lua2dox_filter
pdfjam/pdf180
pdfjam/pdf270
pdfjam/pdf90
pdfjam/pdfbook
pdfjam/pdfflip
pdfjam/pdfjam
pdfjam/pdfjam-pocketmod
pdfjam/pdfjam-slides3up
pdfjam/pdfjam-slides6up
pdfjam/pdfjoin
pdfjam/pdfnup
pdfjam/pdfpun
pst-pdf/ps4pdf
simpdftex/simpdftex
typeoutfileinfo/typeoutfileinfo.sh
a2ping/a2ping.pl
accfonts/mkt1font
accfonts/vpl2ovp
accfonts/vpl2vpl
arara/arara.sh
authorindex/authorindex
bundledoc/arlatex
bundledoc/bundledoc
cachepic/cachepic.tlu
checkcites/checkcites.lua
cjk-gs-integrate/cjk-gs-integrate.pl
context/perl/mptopdf.pl
convbkmk/convbkmk.rb
crossrefware/bibdoiadd.pl
crossrefware/bibzbladd.pl
crossrefware/ltx2crossrefxml.pl
ctanify/ctanify
ctanupload/ctanupload.pl
de-macro/de-macro
dosepsbin/dosepsbin.pl
dviasm/dviasm.py
ebong/ebong.py
epspdf/epspdf.tlu
epspdf/epspdftk.tcl
epstopdf/epstopdf.pl
exceltex/exceltex
fig4latex/fig4latex
findhyph/findhyph
fontools/afm2afm
fontools/autoinst
fontools/ot2kpx
fragmaster/fragmaster.pl
getmap/getmapdl.lua
glossaries/makeglossaries
jfontmaps/kanji-fontmap-creator.pl
jfontmaps/kanji-config-updmap.pl
jfontmaps/kanji-config-updmap-sys.sh
kotex-utils/jamo-normalize.pl
kotex-utils/komkindex.pl
kotex-utils/ttf2kotexfont.pl
latex-git-log/latex-git-log
latex2man/latex2man
latexdiff/latexdiff.pl
latexdiff/latexdiff-vc.pl
latexdiff/latexrevise.pl
latexindent/latexindent.pl
latexmk/latexmk.pl
latexpand/latexpand
lilyglyphs/lily-glyph-commands.py
lilyglyphs/lily-image-commands.py
lilyglyphs/lily-rebuild-pdfs.py
ltximg/ltximg.pl
luaotfload/luaotfload-tool.lua
m-tx/m-tx.lua
match_parens/match_parens
mathspic/mathspic.pl
mf2pt1/mf2pt1.pl
mkjobtexmf/mkjobtexmf.pl
mkgrkindex/mkgrkindex
mkpic/mkpic
multibibliography/multibibliography.pl
musixtex/musixflx.lua
musixtex/musixtex.lua
oberdiek/pdfatfi.pl
pax/pdfannotextractor.pl
pdfcrop/pdfcrop.pl
pedigree-perl/pedigree.pl
perltex/perltex.pl
pfarrei/pfarrei.tlu
pfarrei/a5toa4.tlu
pkfix/pkfix.pl
pkfix-helper/pkfix-helper
pmx/pmx2pdf.lua
pmxchords/pmxchords.lua
pst2pdf/pst2pdf.pl
ptex2pdf/ptex2pdf.lua
purifyeps/purifyeps
pygmentex/pygmentex.py
pythontex/pythontex.py
pythontex/depythontex.py
rubik/rubikrotation.pl
splitindex/splitindex.pl
sty2dtx/sty2dtx.pl
svn-multi/svn-multi.pl
texdoc/texdoc.tlu
texcount/texcount.pl
texdef/texdef.pl
texdiff/texdiff
texdirflatten/texdirflatten
texfot/texfot.pl
texlive/fmtutil.pl
texlive/fmtutil-sys.sh
texlive/rungs.tlu
texlive/tlmgr.pl
texlive/updmap.pl
texlive/updmap-sys.sh
texliveonfly/texliveonfly.py
texloganalyser/texloganalyser
thumbpdf/thumbpdf.pl
ulqda/ulqda.pl
urlbst/urlbst
vpe/vpe.pl
yplan/yplan
context/stubs/unix/context
context/stubs/unix/contextjit
context/stubs/unix/luatools
context/stubs/unix/mtxrun
context/stubs/unix/mtxrunjit
context/stubs/unix/texexec
context/stubs/unix/texmfstart
'
